  Rendered layout layouts/mailer.html.haml (Duration: 211.8ms | Allocations: 12178)
  Rendered layout layouts/mailer.text.erb (Duration: 9.5ms | Allocations: 2370)
Delivered mail 653bd14c54f65_1986f61c604b4@01035a5b4bbc.mail (35.3ms)
  Rendered layout layouts/mailer.html.haml (Duration: 90.9ms | Allocations: 20296)
  Rendered layout layouts/mailer.text.erb (Duration: 17.6ms | Allocations: 2365)
Delivered mail 653bd1664d5f7_1986e000606a2@01035a5b4bbc.mail (8.5ms)
  Rendered layout layouts/mailer.html.haml (Duration: 67.0ms | Allocations: 9337)
  Rendered layout layouts/mailer.text.erb (Duration: 9.6ms | Allocations: 2366)
Delivered mail 653bd18e3128c_1986dde46084f@01035a5b4bbc.mail (9.7ms)
  Rendered layout layouts/mailer.html.haml (Duration: 62.7ms | Allocations: 9544)
  Rendered layout layouts/mailer.text.erb (Duration: 7.3ms | Allocations: 2366)
Delivered mail 653bd1c6505b0_19876ffc610e8@01035a5b4bbc.mail (12.5ms)
  Rendered layout layouts/mailer.html.haml (Duration: 288.3ms | Allocations: 51555)
  Rendered layout layouts/mailer.text.erb (Duration: 14.6ms | Allocations: 2366)
Delivered mail 653bd2291a38e_198773bc61289@01035a5b4bbc.mail (63.4ms)
  Rendered layout layouts/mailer.html.haml (Duration: 55.8ms | Allocations: 17402)
  Rendered layout layouts/mailer.text.erb (Duration: 10.1ms | Allocations: 2365)
Delivered mail 653bd2407742a_1986f4f0614db@01035a5b4bbc.mail (45.0ms)
  Rendered layout layouts/mailer.html.haml (Duration: 106.2ms | Allocations: 9543)
  Rendered layout layouts/mailer.text.erb (Duration: 12.7ms | Allocations: 2365)
Delivered mail 653bd2641642_19874400616e2@01035a5b4bbc.mail (12.1ms)
  Rendered layout layouts/mailer.html.haml (Duration: 49.6ms | Allocations: 9336)
  Rendered layout layouts/mailer.text.erb (Duration: 7.0ms | Allocations: 2366)
Delivered mail 653bd296ab706_198775b0618ce@01035a5b4bbc.mail (8.7ms)
  Rendered layout layouts/mailer.html.haml (Duration: 828.9ms | Allocations: 111176)
  Rendered layout layouts/mailer.text.erb (Duration: 291.9ms | Allocations: 76950)
Delivered mail 653bd3df8a723_1986dda862032@01035a5b4bbc.mail (119.2ms)
  Rendered layout layouts/mailer.html.haml (Duration: 56.5ms | Allocations: 22769)
  Rendered layout layouts/mailer.text.erb (Duration: 6.9ms | Allocations: 2366)
Delivered mail 653bd3fb1ca84_1987457c62285@01035a5b4bbc.mail (9.2ms)
  Rendered layout layouts/mailer.html.haml (Duration: 53.9ms | Allocations: 9541)
  Rendered layout layouts/mailer.text.erb (Duration: 7.8ms | Allocations: 2365)
Delivered mail 653bd4183ed63_1986f630624ee@01035a5b4bbc.mail (8.7ms)
  Rendered layout layouts/mailer.html.haml (Duration: 63.1ms | Allocations: 9336)
  Rendered layout layouts/mailer.text.erb (Duration: 7.8ms | Allocations: 2366)
Delivered mail 653bd44b3d804_1986ddd06268a@01035a5b4bbc.mail (8.6ms)
  Rendered layout layouts/mailer.html.haml (Duration: 1174.9ms | Allocations: 159091)
  Rendered layout layouts/mailer.text.erb (Duration: 77.9ms | Allocations: 8306)
Delivered mail 653bd58a5eef2_19878334628ec@01035a5b4bbc.mail (42.0ms)
  Rendered layout layouts/mailer.html.haml (Duration: 58.0ms | Allocations: 7925)
  Rendered layout layouts/mailer.text.erb (Duration: 6.5ms | Allocations: 1557)
Delivered mail 653bd5a0879b8_1987754c63080@01035a5b4bbc.mail (9.0ms)
  Rendered layout layouts/mailer.html.haml (Duration: 45.7ms | Allocations: 8129)
  Rendered layout layouts/mailer.text.erb (Duration: 4.0ms | Allocations: 1556)
Delivered mail 653bd5b9e84b8_1986dfd86323a@01035a5b4bbc.mail (7.6ms)
  Rendered layout layouts/mailer.html.haml (Duration: 61.3ms | Allocations: 7928)
  Rendered layout layouts/mailer.text.erb (Duration: 4.8ms | Allocations: 1557)
Delivered mail 653bd5e98ce0a_1987a15c6342d@01035a5b4bbc.mail (9.7ms)
  Rendered layout layouts/mailer.html.haml (Duration: 793.6ms | Allocations: 33237)
  Rendered layout layouts/mailer.text.erb (Duration: 292.9ms | Allocations: 12134)
Delivered mail 653be08a80ac1_19878e246361a@01035a5b4bbc.mail (128.0ms)
  Rendered layout layouts/mailer.html.haml (Duration: 88.9ms | Allocations: 9542)
  Rendered layout layouts/mailer.text.erb (Duration: 17.6ms | Allocations: 2366)
Delivered mail 653be0a3be2a0_1986f590638e8@01035a5b4bbc.mail (10.2ms)
  Rendered layout layouts/mailer.html.haml (Duration: 91.8ms | Allocations: 14709)
  Rendered layout layouts/mailer.text.erb (Duration: 20.9ms | Allocations: 2365)
Delivered mail 653be0c617f10_1986dfec640ad@01035a5b4bbc.mail (9.0ms)
  Rendered layout layouts/mailer.html.haml (Duration: 206.5ms | Allocations: 22108)
  Rendered layout layouts/mailer.text.erb (Duration: 15.6ms | Allocations: 13125)
Delivered mail 653be0ebc4c3a_1987a42c6426c@01035a5b4bbc.mail (18.9ms)
  Rendered layout layouts/mailer.html.haml (Duration: 609.1ms | Allocations: 22948)
  Rendered layout layouts/mailer.text.erb (Duration: 27.4ms | Allocations: 2369)
Delivered mail 653be129bef68_198879ec644be@01035a5b4bbc.mail (72.7ms)
  Rendered layout layouts/mailer.html.haml (Duration: 57.6ms | Allocations: 9333)
  Rendered layout layouts/mailer.text.erb (Duration: 8.2ms | Allocations: 2366)
Delivered mail 653be14173bb4_19878320646b0@01035a5b4bbc.mail (9.3ms)
  Rendered layout layouts/mailer.html.haml (Duration: 60.9ms | Allocations: 20082)
  Rendered layout layouts/mailer.text.erb (Duration: 7.1ms | Allocations: 2366)
Delivered mail 653be15b26eea_1986dd44648bf@01035a5b4bbc.mail (10.1ms)
  Rendered layout layouts/mailer.html.haml (Duration: 390.1ms | Allocations: 102540)
  Rendered layout layouts/mailer.text.erb (Duration: 7.9ms | Allocations: 2365)
Delivered mail 653be19938dc_1988ab746501f@01035a5b4bbc.mail (20.1ms)
  Rendered layout layouts/mailer.html.haml (Duration: 749.7ms | Allocations: 45639)
  Rendered layout layouts/mailer.text.erb (Duration: 11.1ms | Allocations: 2369)
Delivered mail 653be2316c4bc_1986ddf86522e@01035a5b4bbc.mail (133.3ms)
  Rendered layout layouts/mailer.html.haml (Duration: 163.5ms | Allocations: 9331)
  Rendered layout layouts/mailer.text.erb (Duration: 7.1ms | Allocations: 2365)
Delivered mail 653be24335fbe_1986e1186544f@01035a5b4bbc.mail (98.5ms)
  Rendered layout layouts/mailer.html.haml (Duration: 63.1ms | Allocations: 9544)
  Rendered layout layouts/mailer.text.erb (Duration: 8.0ms | Allocations: 2366)
Delivered mail 653be259bdf93_1988da2c65699@01035a5b4bbc.mail (8.2ms)
  Rendered layout layouts/mailer.html.haml (Duration: 54.1ms | Allocations: 9596)
  Rendered layout layouts/mailer.text.erb (Duration: 6.1ms | Allocations: 2365)
Delivered mail 653be2803ff3e_1988dd60658da@01035a5b4bbc.mail (32.7ms)
  Rendered layout layouts/mailer.html.haml (Duration: 134.8ms | Allocations: 32382)
  Rendered layout layouts/mailer.text.erb (Duration: 6.9ms | Allocations: 2369)
Delivered mail 653be2bfa8763_19887a00660b6@01035a5b4bbc.mail (32.5ms)
  Rendered layout layouts/mailer.html.haml (Duration: 53.8ms | Allocations: 9546)
  Rendered layout layouts/mailer.text.erb (Duration: 7.6ms | Allocations: 2366)
Delivered mail 653be2e72449e_1988a78c6623@01035a5b4bbc.mail (9.1ms)
  Rendered layout layouts/mailer.html.haml (Duration: 58.8ms | Allocations: 9338)
  Rendered layout layouts/mailer.text.erb (Duration: 7.2ms | Allocations: 2366)
Delivered mail 653be30a66724_1988fda4664df@01035a5b4bbc.mail (9.8ms)
  Rendered layout layouts/mailer.html.haml (Duration: 45.1ms | Allocations: 9533)
  Rendered layout layouts/mailer.text.erb (Duration: 7.1ms | Allocations: 2365)
Delivered mail 653be332e753f_1987806466681@01035a5b4bbc.mail (8.0ms)
  Rendered layout layouts/mailer.html.haml (Duration: 583.0ms | Allocations: 55053)
  Rendered layout layouts/mailer.text.erb (Duration: 10.5ms | Allocations: 2369)
Delivered mail 653be4fc84a5_19878050668b0@01035a5b4bbc.mail (27.8ms)
  Rendered layout layouts/mailer.html.haml (Duration: 61.3ms | Allocations: 9337)
  Rendered layout layouts/mailer.text.erb (Duration: 7.3ms | Allocations: 2366)
Delivered mail 653be50f65f63_19878fdc670a4@01035a5b4bbc.mail (9.4ms)
  Rendered layout layouts/mailer.html.haml (Duration: 142.3ms | Allocations: 9539)
  Rendered layout layouts/mailer.text.erb (Duration: 24.3ms | Allocations: 2365)
Delivered mail 653be529c91cc_1988ad7c67226@01035a5b4bbc.mail (27.9ms)
  Rendered layout layouts/mailer.html.haml (Duration: 48.2ms | Allocations: 9337)
  Rendered layout layouts/mailer.text.erb (Duration: 6.8ms | Allocations: 2366)
Delivered mail 653be54a4a4cf_19888af46741@01035a5b4bbc.mail (11.0ms)
  Rendered layout layouts/mailer.html.haml (Duration: 92.0ms | Allocations: 9490)
  Rendered layout layouts/mailer.text.erb (Duration: 9.6ms | Allocations: 2605)
Delivered mail 653be5f0669b9_1988ab88676c3@01035a5b4bbc.mail (14.2ms)
  Rendered layout layouts/mailer.html.haml (Duration: 68.6ms | Allocations: 9335)
  Rendered layout layouts/mailer.text.erb (Duration: 7.7ms | Allocations: 2365)
Delivered mail 653be606b237e_19890eac678c8@01035a5b4bbc.mail (12.3ms)
  Rendered layout layouts/mailer.html.haml (Duration: 61.1ms | Allocations: 9540)
  Rendered layout layouts/mailer.text.erb (Duration: 7.3ms | Allocations: 2366)
Delivered mail 653be629b9b6f_19893e18680d4@01035a5b4bbc.mail (8.5ms)
  Rendered layout layouts/mailer.html.haml (Duration: 70.7ms | Allocations: 9328)
  Rendered layout layouts/mailer.text.erb (Duration: 7.7ms | Allocations: 2366)
Delivered mail 653be6553f6fb_19890ec068250@01035a5b4bbc.mail (7.9ms)
  Rendered layout layouts/mailer.html.haml (Duration: 113.1ms | Allocations: 9331)
  Rendered layout layouts/mailer.text.erb (Duration: 18.9ms | Allocations: 2365)
Delivered mail 653be72e64af8_1987942868469@01035a5b4bbc.mail (29.7ms)
  Rendered layout layouts/mailer.html.haml (Duration: 120.3ms | Allocations: 31106)
  Rendered layout layouts/mailer.text.erb (Duration: 9.7ms | Allocations: 2729)
Delivered mail 653be749263fd_198744146863f@01035a5b4bbc.mail (59.3ms)
  Rendered layout layouts/mailer.html.haml (Duration: 59.2ms | Allocations: 9544)
  Rendered layout layouts/mailer.text.erb (Duration: 8.3ms | Allocations: 2366)
Delivered mail 653be76dd5554_19897ff46889c@01035a5b4bbc.mail (8.8ms)
  Rendered layout layouts/mailer.html.haml (Duration: 101.7ms | Allocations: 20453)
  Rendered layout layouts/mailer.text.erb (Duration: 7.8ms | Allocations: 2365)
Delivered mail 653be7a966671_1989734c6902a@01035a5b4bbc.mail (8.3ms)
  Rendered layout layouts/mailer.html.haml (Duration: 54.3ms | Allocations: 9488)
  Rendered layout layouts/mailer.text.erb (Duration: 7.2ms | Allocations: 2369)
Delivered mail 653be8b3303af_19874568692a4@01035a5b4bbc.mail (9.2ms)
  Rendered layout layouts/mailer.html.haml (Duration: 57.1ms | Allocations: 9333)
  Rendered layout layouts/mailer.text.erb (Duration: 6.3ms | Allocations: 2365)
Delivered mail 653be8cc96609_1987a41869491@01035a5b4bbc.mail (12.5ms)
  Rendered layout layouts/mailer.html.haml (Duration: 50.0ms | Allocations: 9535)
  Rendered layout layouts/mailer.text.erb (Duration: 7.2ms | Allocations: 2366)
Delivered mail 653be8e5d3f43_19887a14696ed@01035a5b4bbc.mail (113.6ms)
  Rendered layout layouts/mailer.html.haml (Duration: 52.2ms | Allocations: 17401)
  Rendered layout layouts/mailer.text.erb (Duration: 5.7ms | Allocations: 2365)
Delivered mail 653be9146222b_198974006986c@01035a5b4bbc.mail (8.7ms)
  Rendered layout layouts/mailer.html.haml (Duration: 2132.3ms | Allocations: 356156)
  Rendered layout layouts/mailer.text.erb (Duration: 34.3ms | Allocations: 2369)
Delivered mail 653bebaa87e80_1986e03c70078@01035a5b4bbc.mail (40.4ms)
  Rendered layout layouts/mailer.html.haml (Duration: 55.9ms | Allocations: 9538)
  Rendered layout layouts/mailer.text.erb (Duration: 6.7ms | Allocations: 2366)
Delivered mail 653bebc1ec82d_19896e4c7027@01035a5b4bbc.mail (9.2ms)
  Rendered layout layouts/mailer.html.haml (Duration: 49.8ms | Allocations: 9330)
  Rendered layout layouts/mailer.text.erb (Duration: 6.8ms | Allocations: 2366)
Delivered mail 653bebe2522fc_19890ca4704c1@01035a5b4bbc.mail (7.9ms)
  Rendered layout layouts/mailer.html.haml (Duration: 491.8ms | Allocations: 15849)
  Rendered layout layouts/mailer.text.erb (Duration: 188.4ms | Allocations: 6372)
Delivered mail 653bec0f138b0_1989d0807062b@01035a5b4bbc.mail (30.6ms)
  Rendered layout layouts/mailer.html.haml (Duration: 95.7ms | Allocations: 19373)
  Rendered layout layouts/mailer.text.erb (Duration: 8.0ms | Allocations: 2366)
Delivered mail 653bec84f3ced_1989841870815@01035a5b4bbc.mail (10.5ms)
  Rendered layout layouts/mailer.html.haml (Duration: 79.0ms | Allocations: 9331)
  Rendered layout layouts/mailer.text.erb (Duration: 7.3ms | Allocations: 2365)
Delivered mail 653bec9663216_198790f471036@01035a5b4bbc.mail (11.8ms)
  Rendered layout layouts/mailer.html.haml (Duration: 54.0ms | Allocations: 9533)
  Rendered layout layouts/mailer.text.erb (Duration: 7.3ms | Allocations: 2365)
Delivered mail 653becae584b4_1986de5c71268@01035a5b4bbc.mail (20.6ms)
  Rendered layout layouts/mailer.html.haml (Duration: 1114.8ms | Allocations: 70076)
  Rendered layout layouts/mailer.text.erb (Duration: 28.6ms | Allocations: 2370)
Delivered mail 653bed0682064_1989d260714e8@01035a5b4bbc.mail (427.5ms)
  Rendered layout layouts/mailer.html.haml (Duration: 308.4ms | Allocations: 9387)
  Rendered layout layouts/mailer.text.erb (Duration: 29.5ms | Allocations: 2365)
Delivered mail 653bed359e036_1989e73c71634@01035a5b4bbc.mail (165.4ms)
  Rendered layout layouts/mailer.html.haml (Duration: 297.3ms | Allocations: 9537)
  Rendered layout layouts/mailer.text.erb (Duration: 104.1ms | Allocations: 2393)
Delivered mail 653bed50d5bb7_1986de20718f9@01035a5b4bbc.mail (36.7ms)
  Rendered layout layouts/mailer.html.haml (Duration: 86.0ms | Allocations: 9343)
  Rendered layout layouts/mailer.text.erb (Duration: 8.0ms | Allocations: 2366)
Delivered mail 653bed6651e2b_198a17fc72097@01035a5b4bbc.mail (126.3ms)
  Rendered layout layouts/mailer.html.haml (Duration: 238.0ms | Allocations: 9533)
  Rendered layout layouts/mailer.text.erb (Duration: 6.3ms | Allocations: 2365)
Delivered mail 653bed90baf0a_19899bec722fd@01035a5b4bbc.mail (53.1ms)
  Rendered layout layouts/mailer.html.haml (Duration: 177.7ms | Allocations: 8805)
  Rendered layout layouts/mailer.text.erb (Duration: 11.5ms | Allocations: 1891)
Delivered mail 653bee4a4ff56_198a1be472494@01035a5b4bbc.mail (36.8ms)
  Rendered layout layouts/mailer.html.haml (Duration: 49.4ms | Allocations: 8807)
  Rendered layout layouts/mailer.text.erb (Duration: 5.0ms | Allocations: 1891)
Delivered mail 653bee6013e78_198a0f14726d9@01035a5b4bbc.mail (8.8ms)
  Rendered layout layouts/mailer.html.haml (Duration: 70.8ms | Allocations: 9016)
  Rendered layout layouts/mailer.text.erb (Duration: 6.0ms | Allocations: 1890)
Delivered mail 653bee8739c82_1989d09472839@01035a5b4bbc.mail (7.9ms)
  Rendered layout layouts/mailer.html.haml (Duration: 88.1ms | Allocations: 27609)
  Rendered layout layouts/mailer.text.erb (Duration: 6.3ms | Allocations: 1890)
Delivered mail 653beeabd0f11_1988da1873028@01035a5b4bbc.mail (11.2ms)
Raven 3.1.2 configured not to capture errors: DSN not set
Raven 3.1.2 configured not to capture errors: DSN not set
Raven 3.1.2 configured not to capture errors: DSN not set
Raven 3.1.2 configured not to capture errors: DSN not set
Raven 3.1.2 configured not to capture errors: DSN not set
Scoped order is ignored, it's forced to be batch order.
Scoped order is ignored, it's forced to be batch order.
Raven 3.1.2 configured not to capture errors: DSN not set
Raven 3.1.2 configured not to capture errors: DSN not set
Raven 3.1.2 configured not to capture errors: DSN not set
Raven 3.1.2 configured not to capture errors: DSN not set
Raven 3.1.2 configured not to capture errors: DSN not set
Raven 3.1.2 configured not to capture errors: DSN not set
  Rendered layout layouts/mailer.html.haml (Duration: 2449.6ms | Allocations: 223014)
  Rendered layout layouts/mailer.text.erb (Duration: 32.4ms | Allocations: 3414)
Delivered mail 653c2a06dd45d_1cf6dd94554f9@6bd487158edb.mail (54.1ms)
  Rendered layout layouts/mailer.html.haml (Duration: 76.7ms | Allocations: 9928)
  Rendered layout layouts/mailer.text.erb (Duration: 12.4ms | Allocations: 2371)
Delivered mail 653c2a1e14e7_1cf6df24556d4@6bd487158edb.mail (11.2ms)
  Rendered layout layouts/mailer.html.haml (Duration: 93.8ms | Allocations: 9544)
  Rendered layout layouts/mailer.text.erb (Duration: 26.2ms | Allocations: 2365)
Delivered mail 653c2a5a5b05c_1cf6df38558e@6bd487158edb.mail (164.1ms)
  Rendered layout layouts/mailer.html.haml (Duration: 1147.6ms | Allocations: 219702)
  Rendered layout layouts/mailer.text.erb (Duration: 6.0ms | Allocations: 1894)
Delivered mail 653c2a7fc7e72_1cf6ded4560b5@6bd487158edb.mail (15.0ms)
  Rendered layout layouts/mailer.html.haml (Duration: 1197.9ms | Allocations: 144692)
  Rendered layout layouts/mailer.text.erb (Duration: 78.6ms | Allocations: 17069)
Delivered mail 653c2a866bcb8_1cf6dd8056270@6bd487158edb.mail (58.0ms)
  Rendered layout layouts/mailer.html.haml (Duration: 966.1ms | Allocations: 46630)
  Rendered layout layouts/mailer.text.erb (Duration: 19.6ms | Allocations: 1557)
Delivered mail 653c2aa1a59ae_1cf6dec05643@6bd487158edb.mail (93.0ms)
  Rendered layout layouts/mailer.html.haml (Duration: 55.2ms | Allocations: 8124)
  Rendered layout layouts/mailer.text.erb (Duration: 4.6ms | Allocations: 1557)
Delivered mail 653c2ac19a978_1cf6df7456624@6bd487158edb.mail (40.0ms)
Raven 3.1.2 configured not to capture errors: DSN not set
Raven 3.1.2 configured not to capture errors: DSN not set
Raven 3.1.2 configured not to capture errors: DSN not set
  Rendered layout layouts/mailer.html.haml (Duration: 7160.2ms | Allocations: 648108)
  Rendered layout layouts/mailer.text.erb (Duration: 237.4ms | Allocations: 22985)
Delivered mail 653c2b9c7d9d4_1cc6dd58194c5@0cfa1409efd3.mail (147.5ms)
Raven 3.1.2 configured not to capture errors: DSN not set
Raven 3.1.2 configured not to capture errors: DSN not set
